<?xml version="1.0" encoding="UTF-8"?>
<!-- Generated by org.testng.reporters.JUnitXMLReporter -->
<testsuite hostname="DESKTOP-VAGFE70" ignored="0" name="Default test" tests="5" failures="0" timestamp="2023-04-06T22:38:16 EDT" time="80.042" errors="0">
  <testcase name="TC20Leads" time="8.347" classname="Salesforce.TestCases.LeadsTests"/>
  <testcase name="TC21Leads" time="7.788" classname="Salesforce.TestCases.LeadsTests"/>
  <testcase name="TC22Leads" time="20.83" classname="Salesforce.TestCases.LeadsTests"/>
  <testcase name="TC23Leads" time="13.512" classname="Salesforce.TestCases.LeadsTests"/>
  <testcase name="TC24Leads" time="15.967" classname="Salesforce.TestCases.LeadsTests"/>
</testsuite> <!-- Default test -->
